ISim log file
Running: /home/student2/asazeez/COE758/project/project1/cache_test_isim_beh.exe -intstyle ise -gui -tclbatch isim.cmd -wdb /home/student2/asazeez/COE758/project/project1/cache_test_isim_beh.wdb 
ISim O.87xd (signature 0x8ddf5b5d)
----------------------------------------------------------------------
INFO:Security:51 - The XILINXD_LICENSE_FILE environment variable is not set.
INFO:Security:52 - The LM_LICENSE_FILE environment variable is set to '/CMC/licenses/xilinx.license'.
WARNING:Security:43 - No license file was found in the standard Xilinx license directory.
WARNING:Security:44 - Since no license file was found,
       please run the Xilinx License Configuration Manager
       (xlcm or "Manage Xilinx Licenses")
       to assist in obtaining a license.
WARNING:Security:42 - Your software subscription period has lapsed. Your current version of Xilinx tools will continue to function, but you no longer qualify for Xilinx software updates or new releases.


----------------------------------------------------------------------
This is a Full version of ISim.
Time resolution is 1 ps
# onerror resume
# wave add /
# run 1000 ns
Simulator is doing circuit initialization process.
Finished circuit initialization process.
at 5 ns(1), Instance /cache_test/uut/ : Warning: NUMERIC_STD.TO_INTEGER: metavalue detected, returning 0
at 5 ns(1), Instance /cache_test/uut/ : Warning: NUMERIC_STD.TO_INTEGER: metavalue detected, returning 0
at 5 ns(1), Instance /cache_test/uut/sram/U0/native_mem_module/mem_module/ : Warning: There is an 'U'|'X'|'W'|'Z'|'-' in an arithmetic operand, the result will be 'X'(es).
at 5 ns(1): Note: Block Memory Generator CORE Generator module is using a behavioral model FOR simulation which will not precisely model memory collision behavior. (/cache_test/uut/sram/U0/native_mem_module/mem_module/).
at 5 ns(1), Instance /cache_test/uut/sram/U0/native_mem_module/mem_module/ : Warning: CONV_INTEGER: There is an 'U'|'X'|'W'|'Z'|'-' in an arithmetic operand, and it has been converted to 0.
at 5 ns(1), Instance /cache_test/uut/sram/U0/native_mem_module/mem_module/ : Warning: CONV_INTEGER: There is an 'U'|'X'|'W'|'Z'|'-' in an arithmetic operand, and it has been converted to 0.
at 5 ns(1), Instance /cache_test/uut/sram/U0/native_mem_module/mem_module/ : Warning: CONV_INTEGER: There is an 'U'|'X'|'W'|'Z'|'-' in an arithmetic operand, and it has been converted to 0.
at 5 ns(1), Instance /cache_test/uut/sram/U0/native_mem_module/mem_module/ : Warning: CONV_INTEGER: There is an 'U'|'X'|'W'|'Z'|'-' in an arithmetic operand, and it has been converted to 0.
at 25 ns(1), Instance /cache_test/uut/big_sdram/ : Warning: NUMERIC_STD.TO_INTEGER: metavalue detected, returning 0
at 45 ns(1), Instance /cache_test/uut/big_sdram/ : Warning: NUMERIC_STD.TO_INTEGER: metavalue detected, returning 0
at 65 ns(1), Instance /cache_test/uut/big_sdram/ : Warning: NUMERIC_STD.TO_INTEGER: metavalue detected, returning 0
at 85 ns(1), Instance /cache_test/uut/big_sdram/ : Warning: NUMERIC_STD.TO_INTEGER: metavalue detected, returning 0
at 105 ns(1), Instance /cache_test/uut/big_sdram/ : Warning: NUMERIC_STD.TO_INTEGER: metavalue detected, returning 0
at 125 ns(1), Instance /cache_test/uut/big_sdram/ : Warning: NUMERIC_STD.TO_INTEGER: metavalue detected, returning 0
at 145 ns(1), Instance /cache_test/uut/big_sdram/ : Warning: NUMERIC_STD.TO_INTEGER: metavalue detected, returning 0
at 165 ns(1), Instance /cache_test/uut/big_sdram/ : Warning: NUMERIC_STD.TO_INTEGER: metavalue detected, returning 0
at 185 ns(1), Instance /cache_test/uut/big_sdram/ : Warning: NUMERIC_STD.TO_INTEGER: metavalue detected, returning 0
at 205 ns(1), Instance /cache_test/uut/big_sdram/ : Warning: NUMERIC_STD.TO_INTEGER: metavalue detected, returning 0
at 225 ns(1), Instance /cache_test/uut/big_sdram/ : Warning: NUMERIC_STD.TO_INTEGER: metavalue detected, returning 0
at 245 ns(1), Instance /cache_test/uut/big_sdram/ : Warning: NUMERIC_STD.TO_INTEGER: metavalue detected, returning 0
at 265 ns(1), Instance /cache_test/uut/big_sdram/ : Warning: NUMERIC_STD.TO_INTEGER: metavalue detected, returning 0
at 285 ns(1), Instance /cache_test/uut/big_sdram/ : Warning: NUMERIC_STD.TO_INTEGER: metavalue detected, returning 0
at 305 ns(1), Instance /cache_test/uut/big_sdram/ : Warning: NUMERIC_STD.TO_INTEGER: metavalue detected, returning 0
at 325 ns(1), Instance /cache_test/uut/big_sdram/ : Warning: NUMERIC_STD.TO_INTEGER: metavalue detected, returning 0
at 345 ns(1), Instance /cache_test/uut/big_sdram/ : Warning: NUMERIC_STD.TO_INTEGER: metavalue detected, returning 0
at 365 ns(1), Instance /cache_test/uut/big_sdram/ : Warning: NUMERIC_STD.TO_INTEGER: metavalue detected, returning 0
at 385 ns(1), Instance /cache_test/uut/big_sdram/ : Warning: NUMERIC_STD.TO_INTEGER: metavalue detected, returning 0
at 405 ns(1), Instance /cache_test/uut/big_sdram/ : Warning: NUMERIC_STD.TO_INTEGER: metavalue detected, returning 0
at 425 ns(1), Instance /cache_test/uut/big_sdram/ : Warning: NUMERIC_STD.TO_INTEGER: metavalue detected, returning 0
at 445 ns(1), Instance /cache_test/uut/big_sdram/ : Warning: NUMERIC_STD.TO_INTEGER: metavalue detected, returning 0
at 465 ns(1), Instance /cache_test/uut/big_sdram/ : Warning: NUMERIC_STD.TO_INTEGER: metavalue detected, returning 0
at 485 ns(1), Instance /cache_test/uut/big_sdram/ : Warning: NUMERIC_STD.TO_INTEGER: metavalue detected, returning 0
at 505 ns(1), Instance /cache_test/uut/big_sdram/ : Warning: NUMERIC_STD.TO_INTEGER: metavalue detected, returning 0
at 525 ns(1), Instance /cache_test/uut/big_sdram/ : Warning: NUMERIC_STD.TO_INTEGER: metavalue detected, returning 0
at 545 ns(1), Instance /cache_test/uut/big_sdram/ : Warning: NUMERIC_STD.TO_INTEGER: metavalue detected, returning 0
at 565 ns(1), Instance /cache_test/uut/big_sdram/ : Warning: NUMERIC_STD.TO_INTEGER: metavalue detected, returning 0
at 585 ns(1), Instance /cache_test/uut/big_sdram/ : Warning: NUMERIC_STD.TO_INTEGER: metavalue detected, returning 0
at 605 ns(1), Instance /cache_test/uut/big_sdram/ : Warning: NUMERIC_STD.TO_INTEGER: metavalue detected, returning 0
at 625 ns(1), Instance /cache_test/uut/big_sdram/ : Warning: NUMERIC_STD.TO_INTEGER: metavalue detected, returning 0
at 645 ns(1), Instance /cache_test/uut/big_sdram/ : Warning: NUMERIC_STD.TO_INTEGER: metavalue detected, returning 0
at 655 ns(1), Instance /cache_test/uut/ : Warning: NUMERIC_STD.TO_UNSIGNED: vector truncated
at 655 ns(1), Instance /cache_test/uut/ : Warning: NUMERIC_STD.TO_UNSIGNED: vector truncated
at 665 ns(1), Instance /cache_test/uut/big_sdram/ : Warning: NUMERIC_STD.TO_INTEGER: metavalue detected, returning 0
at 675 ns(1), Instance /cache_test/uut/ : Warning: NUMERIC_STD.TO_UNSIGNED: vector truncated
at 675 ns(1), Instance /cache_test/uut/ : Warning: NUMERIC_STD.TO_UNSIGNED: vector truncated
at 685 ns(1), Instance /cache_test/uut/big_sdram/ : Warning: NUMERIC_STD.TO_INTEGER: metavalue detected, returning 0
at 695 ns(1), Instance /cache_test/uut/ : Warning: NUMERIC_STD.TO_UNSIGNED: vector truncated
at 695 ns(1), Instance /cache_test/uut/ : Warning: NUMERIC_STD.TO_UNSIGNED: vector truncated
at 705 ns(1), Instance /cache_test/uut/big_sdram/ : Warning: NUMERIC_STD.TO_INTEGER: metavalue detected, returning 0
at 715 ns(1), Instance /cache_test/uut/ : Warning: NUMERIC_STD.TO_UNSIGNED: vector truncated
at 715 ns(1), Instance /cache_test/uut/ : Warning: NUMERIC_STD.TO_UNSIGNED: vector truncated
at 725 ns(1), Instance /cache_test/uut/big_sdram/ : Warning: NUMERIC_STD.TO_INTEGER: metavalue detected, returning 0
at 735 ns(1), Instance /cache_test/uut/ : Warning: NUMERIC_STD.TO_UNSIGNED: vector truncated
at 735 ns(1), Instance /cache_test/uut/ : Warning: NUMERIC_STD.TO_UNSIGNED: vector truncated
at 745 ns(1), Instance /cache_test/uut/big_sdram/ : Warning: NUMERIC_STD.TO_INTEGER: metavalue detected, returning 0
at 755 ns(1), Instance /cache_test/uut/ : Warning: NUMERIC_STD.TO_UNSIGNED: vector truncated
at 755 ns(1), Instance /cache_test/uut/ : Warning: NUMERIC_STD.TO_UNSIGNED: vector truncated
at 765 ns(1), Instance /cache_test/uut/big_sdram/ : Warning: NUMERIC_STD.TO_INTEGER: metavalue detected, returning 0
at 775 ns(1), Instance /cache_test/uut/ : Warning: NUMERIC_STD.TO_UNSIGNED: vector truncated
at 775 ns(1), Instance /cache_test/uut/ : Warning: NUMERIC_STD.TO_UNSIGNED: vector truncated
at 785 ns(1), Instance /cache_test/uut/big_sdram/ : Warning: NUMERIC_STD.TO_INTEGER: metavalue detected, returning 0
at 795 ns(1), Instance /cache_test/uut/ : Warning: NUMERIC_STD.TO_UNSIGNED: vector truncated
at 795 ns(1), Instance /cache_test/uut/ : Warning: NUMERIC_STD.TO_UNSIGNED: vector truncated
at 805 ns(1), Instance /cache_test/uut/big_sdram/ : Warning: NUMERIC_STD.TO_INTEGER: metavalue detected, returning 0
at 815 ns(1), Instance /cache_test/uut/ : Warning: NUMERIC_STD.TO_UNSIGNED: vector truncated
at 815 ns(1), Instance /cache_test/uut/ : Warning: NUMERIC_STD.TO_UNSIGNED: vector truncated
at 825 ns(1), Instance /cache_test/uut/big_sdram/ : Warning: NUMERIC_STD.TO_INTEGER: metavalue detected, returning 0
at 835 ns(1), Instance /cache_test/uut/ : Warning: NUMERIC_STD.TO_UNSIGNED: vector truncated
at 835 ns(1), Instance /cache_test/uut/ : Warning: NUMERIC_STD.TO_UNSIGNED: vector truncated
at 845 ns(1), Instance /cache_test/uut/big_sdram/ : Warning: NUMERIC_STD.TO_INTEGER: metavalue detected, returning 0
at 855 ns(1), Instance /cache_test/uut/ : Warning: NUMERIC_STD.TO_UNSIGNED: vector truncated
at 855 ns(1), Instance /cache_test/uut/ : Warning: NUMERIC_STD.TO_UNSIGNED: vector truncated
at 865 ns(1), Instance /cache_test/uut/big_sdram/ : Warning: NUMERIC_STD.TO_INTEGER: metavalue detected, returning 0
at 875 ns(1), Instance /cache_test/uut/ : Warning: NUMERIC_STD.TO_UNSIGNED: vector truncated
at 875 ns(1), Instance /cache_test/uut/ : Warning: NUMERIC_STD.TO_UNSIGNED: vector truncated
at 885 ns(1), Instance /cache_test/uut/big_sdram/ : Warning: NUMERIC_STD.TO_INTEGER: metavalue detected, returning 0
at 895 ns(1), Instance /cache_test/uut/ : Warning: NUMERIC_STD.TO_UNSIGNED: vector truncated
at 895 ns(1), Instance /cache_test/uut/ : Warning: NUMERIC_STD.TO_UNSIGNED: vector truncated
at 905 ns(1), Instance /cache_test/uut/big_sdram/ : Warning: NUMERIC_STD.TO_INTEGER: metavalue detected, returning 0
at 915 ns(1), Instance /cache_test/uut/ : Warning: NUMERIC_STD.TO_UNSIGNED: vector truncated
at 915 ns(1), Instance /cache_test/uut/ : Warning: NUMERIC_STD.TO_UNSIGNED: vector truncated
at 925 ns(1), Instance /cache_test/uut/big_sdram/ : Warning: NUMERIC_STD.TO_INTEGER: metavalue detected, returning 0
at 935 ns(1), Instance /cache_test/uut/ : Warning: NUMERIC_STD.TO_UNSIGNED: vector truncated
at 935 ns(1), Instance /cache_test/uut/ : Warning: NUMERIC_STD.TO_UNSIGNED: vector truncated
at 945 ns(1), Instance /cache_test/uut/big_sdram/ : Warning: NUMERIC_STD.TO_INTEGER: metavalue detected, returning 0
at 955 ns(1), Instance /cache_test/uut/ : Warning: NUMERIC_STD.TO_UNSIGNED: vector truncated
at 955 ns(1), Instance /cache_test/uut/ : Warning: NUMERIC_STD.TO_UNSIGNED: vector truncated
at 965 ns(1), Instance /cache_test/uut/big_sdram/ : Warning: NUMERIC_STD.TO_INTEGER: metavalue detected, returning 0
at 975 ns(1), Instance /cache_test/uut/ : Warning: NUMERIC_STD.TO_UNSIGNED: vector truncated
at 975 ns(1), Instance /cache_test/uut/ : Warning: NUMERIC_STD.TO_UNSIGNED: vector truncated
at 985 ns(1), Instance /cache_test/uut/big_sdram/ : Warning: NUMERIC_STD.TO_INTEGER: metavalue detected, returning 0
at 995 ns(1), Instance /cache_test/uut/ : Warning: NUMERIC_STD.TO_UNSIGNED: vector truncated
at 995 ns(1), Instance /cache_test/uut/ : Warning: NUMERIC_STD.TO_UNSIGNED: vector truncated
# exit 0
